Base path: 'D:/Program Files (x86)/Unity/2019.3.5f1/Editor/Data', plugins path 'D:/Program Files (x86)/Unity/2019.3.5f1/Editor/Data/PlaybackEngines'
Cmd: initializeCompiler
Cmd: preprocess
  insize=5946 outsize=1125 ok=1
Cmd: preprocess
  insize=4099 outsize=862 ok=1
Cmd: preprocessCompute
  insize=7101 outsize=7103 ok=1
Cmd: compileComputeKernel
  api=4 insize=7103 outsize=2267 ok=1
Cmd: preprocessCompute
  insize=7603 outsize=7605 ok=1
Cmd: preprocess
  insize=54239 outsize=629 ok=1
Cmd: preprocessCompute
  insize=1976 outsize=1978 ok=1
Cmd: compileComputeKernel
  api=4 insize=1978 outsize=1398 ok=1
Cmd: preprocessCompute
  insize=7087 outsize=7089 ok=1
Cmd: preprocessCompute
  insize=8196 outsize=8198 ok=1
Cmd: preprocess
  insize=42596 outsize=628 ok=1
Cmd: preprocessCompute
  insize=1976 outsize=1978 ok=1
Cmd: preprocessCompute
  insize=7068 outsize=7070 ok=1
Cmd: compileComputeKernel
  api=4 insize=7070 outsize=2577 ok=1
Cmd: preprocessCompute
  insize=7619 outsize=7621 ok=1
Cmd: preprocess
  insize=53285 outsize=629 ok=1
Cmd: preprocessCompute
  insize=1976 outsize=1978 ok=1
Cmd: preprocessCompute
  insize=7068 outsize=7070 ok=1
Cmd: preprocessCompute
  insize=7619 outsize=7621 ok=1
Cmd: preprocess
  insize=53303 outsize=630 ok=1
Cmd: preprocessCompute
  insize=1976 outsize=1978 ok=1
Cmd: preprocessCompute
  insize=7068 outsize=7070 ok=1
Cmd: preprocessCompute
  insize=7619 outsize=7621 ok=1
Cmd: preprocess
  insize=53303 outsize=630 ok=1
Cmd: preprocessCompute
  insize=1976 outsize=1978 ok=1
Cmd: preprocessCompute
  insize=7068 outsize=7070 ok=1
Cmd: preprocessCompute
  insize=7619 outsize=7621 ok=1
Cmd: preprocess
  insize=53301 outsize=629 ok=1
Cmd: preprocessCompute
  insize=1976 outsize=1978 ok=1
Cmd: preprocessCompute
  insize=7068 outsize=7070 ok=1
Cmd: preprocessCompute
  insize=7619 outsize=7621 ok=1
Cmd: preprocess
  insize=53303 outsize=630 ok=1
Cmd: preprocessCompute
  insize=1976 outsize=1978 ok=1
Cmd: preprocessCompute
  insize=7068 outsize=7070 ok=1
Cmd: preprocessCompute
  insize=7619 outsize=7621 ok=1
Cmd: preprocess
  insize=53303 outsize=630 ok=1
Cmd: preprocessCompute
  insize=1976 outsize=1978 ok=1
Cmd: preprocessCompute
  insize=7101 outsize=7103 ok=1
Cmd: preprocessCompute
  insize=7603 outsize=7605 ok=1
Cmd: preprocess
  insize=54241 outsize=630 ok=1
Cmd: preprocessCompute
  insize=1976 outsize=1978 ok=1
Cmd: preprocessCompute
  insize=7101 outsize=7103 ok=1
Cmd: preprocessCompute
  insize=7603 outsize=7605 ok=1
Cmd: preprocess
  insize=54239 outsize=629 ok=1
Cmd: preprocessCompute
  insize=1976 outsize=1978 ok=1

Quitting shader compiler process
